<?xml version="1.0" encoding="UTF-8"?>
<!-- Generated by org.testng.reporters.JUnitReportReporter -->
<testsuite hostname="DESKTOP-FLH1TNO" failures="0" tests="1" name="qaclickacademy.mavenjava.SeleniumTest" time="0.020" errors="0" timestamp="2021-06-09T18:00:08 IST" skipped="0">
  <testcase classname="qaclickacademy.mavenjava.SeleniumTest" name="sample2" time="0.020"/>
  <system-out/>
</testsuite> <!-- qaclickacademy.mavenjava.SeleniumTest -->
