<?xml version="1.0" encoding="UTF-8"?>
<!-- Generated by org.testng.reporters.JUnitReportReporter -->
<testsuite hostname="DESKTOP-FLH1TNO" failures="0" tests="1" name="qaclickacademy.mavenjava.AppiumTest" time="0.000" errors="0" timestamp="2021-06-10T12:19:57 IST" skipped="0">
  <testcase classname="qaclickacademy.mavenjava.AppiumTest" name="sample3" time="0.000"/>
  <system-out/>
</testsuite> <!-- qaclickacademy.mavenjava.AppiumTest -->
