<?xml version="1.0" encoding="UTF-8"?>
<!-- Generated by org.testng.reporters.JUnitReportReporter -->
<testsuite hostname="DESKTOP-FLH1TNO" failures="0" tests="1" name="qaclickacademy.mavenjava.RestAPITest" time="0.001" errors="0" timestamp="2021-06-10T12:19:57 IST" skipped="0">
  <testcase classname="qaclickacademy.mavenjava.RestAPITest" name="sample" time="0.001"/>
  <system-out/>
</testsuite> <!-- qaclickacademy.mavenjava.RestAPITest -->
