<?xml version="1.0" encoding="UTF-8"?>
<!-- Generated by org.testng.reporters.JUnitReportReporter -->
<testsuite hostname="DESKTOP-FLH1TNO" failures="0" tests="1" name="qaclickacademy.mavenjava.SeleniumTest" time="0.006" errors="0" timestamp="2021-06-10T12:19:57 IST" skipped="0">
  <testcase classname="qaclickacademy.mavenjava.SeleniumTest" name="sample2" time="0.006"/>
  <system-out/>
</testsuite> <!-- qaclickacademy.mavenjava.SeleniumTest -->
